4.853358837685468075e+01 2.828539799956137557e+01 4.489514247821654180e+01
2.508828572819138714e+01 2.468875098115367095e+01 1.865233456354132002e+01
2.839689281785190644e+01 3.841322304377730745e+01 6.075294688376047247e-01
3.921008581601252274e+01 4.874097606822317630e+01 2.636279710799206910e+01
4.591073763575052169e+01 3.783479502912361880e+01 4.593539230164243747e+01
1.419472947835977550e+01 1.294508462680925476e+01 1.493002432308702865e+01
1.086629417808904563e+01 4.764449178123736317e+01 2.533846461051990850e+00
1.389633755916434055e+01 4.025048009452899578e+01 4.368090857053466181e+01
8.643449555647467974e+00 3.316205851315190500e+01 1.448065540261705841e+01
8.640751031781586988e+00 1.586213567243135714e+01 1.463637669730426794e+01
1.864504801437541559e+01 4.907361049125405827e+01 3.020877073678401814e+01
2.499845407024779576e+01 3.238079860296670631e+01 2.155655990032029123e+01
4.047057884165145225e+01 3.866217059085282415e+01 8.581099813043827851e+00
7.512582337078646866e+00 9.175921513968443577e+00 3.075190224332002842e+01
2.083434822741639891e+01 3.412761328877419942e+01 1.418107266449568904e+01
4.015961513053541410e+01 2.995830695061699700e+01 4.430746456868450167e+01
2.896961430727915854e+01 2.544226504191241034e+01 2.467292147768724675e+01
4.917675523782111924e+01 7.743716700628400673e+00 4.825277630802647622e+01
6.763977409488819426e+00 4.365982044462521827e+01 3.453829467735647540e+01
1.618222221795217663e+01 3.126722379228694670e+00 1.485400231661240333e+01
4.756164871897534141e+01 2.302675795422073790e+00 4.840056312104390912e+01
8.858914718304264468e+00 3.975124653351891624e+01 4.323943879672867041e+01
2.973416546646620517e+01 3.050661007801072699e+01 4.618356995161009593e+01
1.852846962507031492e+01 3.197672446670244639e+01 1.921318704894411411e+01
1.485338300208466222e+01 9.077239691301361546e+00 4.133821804519958221e+01
4.662007291825697308e+01 4.989883690932756366e+01 1.934057802841726925e+01
3.549585917592148920e+00 2.369635038286547157e+01 1.345733715694898081e+00
2.378613627168056510e+01 2.546616568431279504e+01 1.217260514946412187e-01
7.160015901318963927e+00 3.705251958305745319e+01 3.798651536945531859e+01
7.477669794157905336e+00 1.314181331988632806e+01 4.659080105035419450e+01
8.159297943079286242e+00 1.541135277337533971e+01 1.217450343893164799e+01
3.246163720404533137e+01 1.095896095465835174e+01 2.806129826790817461e-01
4.585831719497234360e+01 1.725842142801994328e+01 1.848950811259235039e+01
4.531962782348157859e+00 4.100763551415038677e+01 4.436524421140365604e+01
3.012494586730529988e+01 1.785191080605790148e+01 4.331016785258150037e+01
3.944730695046453661e+01 8.200437586891197839e+00 2.390950282883872546e+01
2.943195959885273183e+01 9.951896012354822574e+00 3.559851640334704026e+00
1.785032374205241723e+01 6.069839553371956242e-01 3.288163435685572722e+01
3.017199678876486857e+01 1.657472929869864942e+01 3.313416697268529276e+01
1.356439716121414918e+01 4.158359594689556360e+01 3.908934097307083277e+01
6.575252736328606851e+00 2.444143456938091674e+01 1.504556105186175863e+01
4.495891560906842832e-01 2.737684378027897836e+01 1.207021984514557467e+01
4.235663134873252744e+01 1.745196240792231279e+01 3.578313193851128204e+01
7.964479866086690230e+00 2.124985636209332185e+01 1.085370631221076110e+01
4.043774727366715638e+01 3.583720545072684160e+01 1.935368696829459978e+01
1.710283696395313413e+01 2.671525513072796443e+01 4.968485947603274155e+01
3.515911892779578807e+01 3.881004148377320107e+00 1.080533817691376086e+01
2.565704397706537065e+01 3.556630481406332223e+01 2.323869972850332388e+01
2.029994317665297388e+01 4.441368635453812885e-01 2.679906509273912718e+00
3.928471234427787095e+01 4.000376965433226673e+01 1.715334720381261135e+01
