2.852202405197846957e+01 4.922144421789551672e+01 1.991780764761230671e+01
1.958033871288262162e+01 7.955001136212531243e+00 6.966667014039444439e+00
3.735630322049040775e+00 3.244038646589996944e+01 9.669368313176185836e+00
1.283020220029542102e+01 7.695817907340678943e+00 4.683800117509294125e+01
2.467878047783273132e+00 2.163888273238900695e+01 3.790349247248838083e+01
2.446133599109082368e+01 2.367759517335120734e+01 4.080829797758632083e+01
5.639051586902501079e+00 2.691132260532366161e+01 3.505162756511016653e+01
2.382172883680969733e+01 9.897690016675202429e+00 6.091129779043052750e+00
2.803882301712597780e+01 3.162003878943055568e+01 4.953144125751033755e+01
2.390532307182549232e+01 2.222171985243072001e+01 1.858078423017962777e+01
3.190946858590137225e+01 8.862995774745160205e+00 1.320576455424241757e+01
4.868850523756395887e+01 4.334667414867787016e+01 3.963257199697599020e+01
1.646013654947537574e+01 4.242407202967716984e+01 2.039883820024818206e+01
1.415856985364435161e+01 3.247411166204662436e+01 4.229863840891444227e+01
8.127688404832028368e+00 2.251429551674797835e+01 3.750493050813501128e+01
3.103119165091556830e-01 3.491679242321351495e+01 1.192412420666878248e+01
4.450783307307940362e+01 2.204093617726199383e+01 3.451941852607033923e+01
1.359955778773673885e+01 1.968129682564981664e+01 3.272458322316452950e+01
3.333586177275849050e+00 3.204450055699747679e+01 9.279256137008960792e+00
1.915983787052596199e+01 2.741190920872390180e+01 4.368365704572231323e+01
4.299543478905226834e+01 4.495599018492326593e+01 3.785881156153911409e+00
1.146270373650734875e+01 3.479506678561840260e+01 4.009087027558247485e+01
2.776180402049276097e+01 2.626543055410935068e+01 4.684655246149797847e+01
2.391052918934996185e+01 1.373321010718697899e+01 1.732060054519356029e+01
4.224438537711774444e+01 7.131876167406983491e+00 1.861110175645416831e+01
2.131382127615666988e+01 2.473065526303093620e+01 7.474168694493274145e+00
1.489079889395676659e+01 8.657508766163564573e+00 2.759441925079383751e+01
2.195627677893227414e+01 2.996796726602235950e+01 1.594953033219908889e+00
5.504058974920493341e+00 4.746980670926700441e+01 1.041375633627754915e+01
1.610995053001069621e+01 4.650685624390337836e+01 2.192558045214404316e+01
3.061476015990739441e+01 1.560116338776947131e+01 4.918078411429743824e+01
6.832122863569122018e+00 4.630208036450178355e+01 1.642221859084927971e+01
1.910886865586925154e+01 1.224486995842692849e+01 1.825601215133999133e+01
1.265311622099200406e+01 4.327703749015949342e+01 3.504742073463184227e+01
7.752246616494344877e-01 4.962310272531693300e+01 1.573221265379068967e+01
4.962222144550921854e+01 1.996168224244444644e+01 4.299491795439119102e+01
1.140373933678202256e+01 2.871956804208397074e+01 3.599411325579675491e+01
1.937991965083446289e+01 3.831675736311243696e+01 2.384986999663070861e+01
3.724433333540406732e+00 2.720970760155751833e+01 4.417545742117972907e+01
1.687166867021078787e+01 1.186254118051730622e+01 2.838497076237024075e+01
3.043899198963378083e+01 4.949898158385625635e+00 2.078992300793127512e+01
2.176564655968254769e+00 4.904962306742471867e+01 4.149604818472171530e+01
2.604011369354905980e+01 1.833072745992558694e+01 1.642633279949566116e+01
2.497015979121849227e+01 6.784586884039601529e+00 8.027887518265533373e+00
2.117641652485123416e+01 3.999353233297372157e+01 2.807549716297981846e+01
3.121272497621222186e+01 5.817109261817048349e+00 2.763753843386620090e+01
1.785013499880760079e+01 1.439565627610793896e+01 1.599381928348114812e+01
2.864732569145560959e+01 8.248748399125240827e-01 9.799458658720467952e+00
1.017418219816279290e+01 2.433233010715399303e+01 1.624866392948984029e+01
3.054803233927355421e+01 4.690889561642244132e+01 1.709346504256354038e+01
