3.370409409879149365e+01 1.547321845968317433e+01 9.276894881684874861e+00
7.350991749603804415e+00 4.620439886905896998e+01 2.685181387362902683e-01
1.971042017516047906e+01 1.637493697270134163e+01 1.933886456442867541e+01
1.311331464265523650e+01 4.978786285826479485e+01 1.463287163447398509e+00
4.062969502744719108e+01 2.835743600897991712e+00 1.672159336091419490e+01
4.070727815127025906e+01 7.917381569590645540e+00 3.269817317773482301e+01
3.510677126696848394e+00 1.343135186491361210e+01 4.016829589130863098e+01
2.592688580916078234e+00 3.955161468582704032e+01 5.981766993039218328e+00
2.117598426728328320e+01 3.887427046654715213e+01 3.516901538240031755e+01
2.619471479457952867e+01 6.089687829304878619e+00 6.118864777509623210e+00
2.221746008254338101e+00 2.501449488395896381e+01 3.436494026832930615e+01
3.701783828878310345e+01 3.033572304914858364e+01 4.528718658022103227e+01
3.351808951753483967e+01 2.810011768121043474e+01 2.480158253699847037e+01
4.074306341110525409e+01 5.317831113410211863e+00 3.293438213021261873e+01
3.197586350067821925e+01 3.238070897680744764e+01 5.699553451547717309e+00
1.785268219885465513e+01 3.698902195165721452e+01 3.415258273624849750e+01
1.783162156486228511e+01 5.994985295761352972e+00 3.304470453765534899e+01
3.861674875393452311e+01 6.522457881610179697e-01 1.502069005325441076e+01
4.160825504048663959e+01 3.456219637410743672e+01 3.001799233845744297e+01
3.953407871443316424e+01 5.910657729817197392e+00 4.336086490456141007e+01
2.638951065121197104e+01 4.927052525677962080e+01 4.991043372253025012e+01
2.818703978989034553e+01 1.777942190220676366e+01 1.823990373142246568e+01
4.275807519008915847e+01 1.481092060011601674e+01 1.534894623372404787e+00
9.442008965092471229e+00 3.386293109340208218e+00 4.102763023226940220e+01
4.544975702373118054e+01 2.359976020931371465e+01 1.040986122291320903e+01
4.270324946153322365e+00 9.943862501920371244e+00 4.051400455265930844e+01
2.341605456647784678e+01 1.229524359161929326e+01 3.244421652630366992e+01
2.462432809260979027e+01 3.750453747898070844e+01 1.372553262142411690e+00
4.316379499663049302e+01 9.042604045147616176e+00 5.410846336309591997e+00
1.170349492663576640e+01 7.402248505914013066e+00 4.276747672305903336e+01
4.313088346839527532e+01 4.182153819711638931e+01 3.757738731052981507e+00
4.515452894431147257e+01 3.182112954246191450e+01 4.629656265955701144e+01
3.190638150854472599e+01 4.504079229124476313e+01 4.333241562016867476e+01
1.649705211784797143e+01 5.039828736679590193e+00 4.681153712336629980e+01
2.032873018907481111e+01 5.544278457481112810e+00 1.695672685834567517e+01
2.809523796107487925e+01 2.787455187197086914e+01 4.543239716769363667e+01
3.029782509663785106e+01 1.915775462686362118e+00 3.859015790521354461e+01
1.583540801441052182e+01 3.108206443082424641e+01 7.510700906050147729e+00
3.146241595998281326e+01 3.230193788061559701e+01 4.695974077782905454e+01
4.813032769752179973e+01 4.383484774173137311e+01 4.520513322394948830e+01
3.765922548591268537e+01 2.916994624667779590e+00 2.204621207247131665e+01
2.398516782880340870e+01 2.344931764915081374e+01 3.999296148125270633e+01
6.256400875950376417e+00 2.772411150969360705e+01 4.146541804369307016e+01
2.323333061767108987e+01 1.381829048510850733e+01 8.774934704771759186e+00
1.234635232091606483e+01 5.098561488650940277e+00 1.293471201531635373e+01
2.234403967656905632e+00 4.494597143892217161e+01 1.557716075735175920e+01
1.450219884848738872e+01 1.689425046234048722e+01 4.455680003604811645e-02
2.777637093447060579e+01 3.390395408961354917e+01 4.848882635154538434e+01
5.708182779978572263e+00 3.893096414430672780e+01 3.424254120600839713e+01
7.996350550052911288e+00 2.716276951628617198e+01 2.833944950822171904e+00
