4.098064064142119634e+01 4.130520285527567381e+01 4.358434809957641676e+01
4.262802484647608736e+01 1.630889097316294212e+01 1.997872787722726073e+01
3.507018252698529892e+01 4.096046563317527500e+01 1.854673083491081087e+01
1.914787712255763807e+01 4.097453755912746232e+01 2.651960875730168254e-01
4.377961805137319828e+01 5.823753025091052749e+00 3.679913929362541580e+01
2.667758482733996672e+01 3.927982687920882654e+01 9.187227670911823907e-02
1.267384335594471167e+00 9.932180964172982129e+00 1.019159473582245568e+01
3.327464036857411855e+01 3.026227310981056817e+01 4.559850604782598182e+00
1.172254544300544055e+01 1.411106524440111087e+01 2.070518023176122568e+01
3.058425544242372851e+01 3.386849257410052161e+01 1.795776827084097249e+01
2.386974569069442609e+01 1.742391728673062801e+01 1.805390159063024669e+01
3.193208248955488315e+01 2.607121877911957597e+01 3.974893679121814216e+01
3.689678808668529797e+01 2.003867385204101126e+01 4.566390596992043527e+01
1.030130266762732738e+01 4.689859299904901491e+01 3.715074550946940235e+01
8.270524395862000944e+00 1.310238709837458515e+01 1.470849043076214002e+00
3.983996331799959734e+01 2.111271195902667230e+01 4.366234255305390555e+00
6.601913835418414145e+00 2.454935850182677015e+01 3.519291771122774293e+01
2.138548528845830887e+01 4.557402456197874585e+01 4.368853194820060537e+01
4.289418445180399431e+01 3.874707000111194333e+01 4.352520563688162270e+01
2.810908938881931363e+01 2.344698961865365305e+01 3.051702288898576398e+01
2.162639094546867824e+01 4.242512391660323345e+00 4.539010936073239577e+01
2.751671108920621478e+01 5.191386475437463233e+00 1.174641239088578359e+01
1.413189750340231754e+01 3.337321233259190478e+01 9.376922772931564509e+00
2.835728761529832553e+01 4.337859887388952984e+01 4.305266639631082626e+01
2.477969064488268458e+01 1.692760892877938517e+01 4.239821129493956420e+01
1.006605710802076104e+01 3.700721616400389280e+01 2.126152736800942478e+01
1.068519449621767414e+01 5.783820345145592512e+00 2.062219986556907614e+01
4.338710295711804577e+01 2.342393050450566960e+01 9.728140141046278444e+00
1.522941964703037065e+01 1.887410593815879167e+01 1.171902786737656221e+01
6.924129270326073282e+00 4.235017878829683013e+01 6.018311531632984490e+00
2.340496380289934208e+01 2.759871466715185129e+00 3.912454097640112138e+01
2.615152388081405022e+01 3.213842718343556015e+01 4.902798684510649707e+01
2.207152483676063426e+01 1.523906222868687799e+01 4.738771151864634845e+01
3.451582487383548425e+01 3.928700470399056854e+01 3.265008089410054026e+01
6.459043047268210103e+00 4.426783731593659610e+01 2.853585550532962500e+01
8.125854325225143171e+00 2.921056899840852594e+01 4.631585164637694874e+01
9.797793057696230434e+00 1.443446031409805386e+01 4.672677361117537842e+00
2.036068146180342353e+01 1.720815876258509647e+01 1.962078580303280972e+01
3.119397565615254564e+01 2.597697682195106239e+01 2.528397777456971340e+01
2.567329930114157577e+01 2.505148403215755692e+01 2.555806551443975749e+01
1.761789706141625089e+01 5.492194218771172309e+00 2.630086828078317751e+01
2.732407504738528559e+01 4.865100536110639950e+01 4.215883736826025796e+01
1.267831288808523382e+01 2.716462353679446196e+01 3.462841932962235347e+01
7.990479832272177063e+00 4.924204984559786169e+01 1.962990237408447669e+01
3.163009437705857252e+01 4.783521334318458429e+01 4.691028353879548263e+01
4.082354027933451590e+00 1.338701134191706998e+01 4.471714808580959044e+01
4.093962252687359893e+01 3.850598896033136498e+01 1.154071864800608083e+01
4.256219934157781992e+00 4.341102470397527213e+01 4.370858453732053306e+01
3.169313653511821727e+01 1.351246218976394431e+01 4.238985672422190021e+01
2.896778289311343002e+01 4.276747385601451157e+01 3.873791626042535086e+01
