3.268907215041599557e+01 1.913762082438183043e+01 3.092127962086688342e+01
2.151397063993002234e+01 1.377835287470758630e+01 4.285852242413310620e+01
2.247696505279177615e+01 1.950422623453372850e+01 4.400478508409545242e+01
3.076461400204707886e+01 4.113156929838846310e+01 1.508606067275457097e+00
3.732872869109030489e+01 3.950368160164164522e+01 7.799063385762918799e+00
2.397909502782806968e+01 1.368344566832703890e+00 4.197357230843238796e+01
2.207298202553553423e+01 7.193661056392950393e+00 4.849887744811316281e+01
4.406364879409275659e+01 4.304015720669211476e+01 1.679471806083151719e+00
4.992729060360415616e+01 1.376312519787835775e+01 4.205954414264370200e+01
1.503076894317194956e+01 3.227106825231218323e+01 3.025647036590643424e+01
2.826211931942634692e+01 3.755656845390060283e+01 2.773194331043155714e+01
4.415554496343166591e+01 4.772062522952533214e+01 3.599018826907048663e+00
4.164024100566628306e+01 1.891081328613290680e+01 2.423044773250375528e+01
1.877722055732228057e+01 4.431787002990986224e+01 1.595951394229532383e+01
1.090273572805262958e+01 3.559983880616545093e+01 1.003353614366220370e+01
1.727532761755674784e+01 4.806258602827600868e+01 3.720273361624207809e+01
1.470812052741117704e+00 1.383131409730352779e+01 2.530548876840544636e+01
1.742716015260382889e+01 6.733103618018567715e+00 4.020184982806290996e+00
2.153563163414676396e+01 1.255771987812805435e+01 1.551473480670853533e+01
2.470850296645109268e+01 4.027388566073785370e+01 2.230128052072829092e+01
4.360967442386732529e+01 3.152015849299708705e+01 6.746336361869479603e+00
4.207778568657043650e+01 1.786844928992578829e+01 4.434000598847489982e+01
1.840058441693217617e+01 4.267428233013956174e+01 4.232572446433126601e+01
3.428017099697216707e+01 2.856003442574998630e+01 1.855925934855212134e+01
3.645516651606833136e+01 4.912942888872487401e+01 3.229605162887288117e+01
1.339056977916486701e+01 1.342447335157730492e+01 7.688207526510259626e+00
2.449372928224128643e+01 1.066332951664908713e+01 3.345826564434352690e+01
1.039287182578955182e+01 1.109862165651299115e+01 2.207052726323103542e+01
2.467017058190921475e+01 3.641801685612894346e+01 1.328650215634956666e+01
1.130231716347381621e+01 2.506520028505973841e+01 2.549987846167667271e+01
2.182669763671211172e+01 3.726728876575215565e+01 4.237845276208488343e+01
1.507878834494117015e+01 3.401346119816710090e+00 3.168472924000992919e+01
3.143980606404936395e+01 2.213157662745547682e+01 2.232564050302047676e+01
3.709728439302364933e+01 3.207582910028516920e+01 2.041493791951387848e+01
9.184180215622392396e+00 3.073909282190500392e+01 1.389668530486491704e+01
4.842180311382340818e+01 6.677055678314463449e+00 4.239194070490778188e+01
1.835677839858303173e+01 3.022330639047441636e+01 2.787979094814302883e+01
1.971592085307756292e+01 2.092535387956532844e+01 2.551481327428528445e+01
1.713427615243570301e+01 3.828594709724345790e+01 3.178952769591196414e+01
7.794404466391446462e+00 3.717132382682326863e+01 2.014649943289996870e+01
2.777264982664612702e+01 2.191654641302518769e+01 1.248819706548422914e+01
4.714428291375767088e+01 4.331378694503959537e+01 1.108165288313366403e+01
4.117360150808461583e+01 3.442911401284725059e+00 3.705296116542319140e+01
3.286574854494172371e+01 4.802352511878248720e+01 1.287620438158259262e+01
2.214787851001272045e+01 2.157257518272662544e+00 2.562415023173339357e+00
9.615073411706825723e+00 6.118701035475203831e+00 1.688888097883969408e+01
2.528972151069128316e+01 4.347377264576754641e+01 3.143144909989585045e+01
4.411440984999435955e+01 3.381409592065185876e+01 1.049498580538145731e+01
4.900933062473013280e+01 2.701598712688788950e+01 3.958560390851036459e+01
2.949068347514912602e+01 5.666111337708596096e+00 3.716670172486986701e+01
