1.263899938244900767e+01 2.997805215021202585e+01 2.422915995511586473e+01
2.392828753820941401e+00 1.921841310172660755e+01 1.203708297913581227e+01
2.817865185517148063e+01 1.405816626082103049e+01 4.582625205286417724e+01
1.187098879397474605e+01 4.801082222868679850e+01 3.818421331451656187e+01
4.696611551789244743e+01 1.019016061874289392e+00 3.684034282485981748e+01
1.035325938804164636e+01 2.817377779121645887e+01 4.812856511853500763e+01
3.764739392769845239e+01 2.004640745118414102e+01 1.412284219301264265e+01
3.986670943868355721e+01 8.965962111691665015e+00 9.157282224706024820e+00
1.850126879555574178e+01 4.710818387955077213e+01 4.975328598716076556e+01
8.641365469467906735e+00 2.016992866264531514e+01 1.874875879843178339e+01
1.848528678049609653e+01 3.912763365795261450e+01 3.421351566237811426e+01
2.407996455517390544e+01 1.483578741092072306e+01 4.120861963821761975e+01
2.782713717959708433e+01 7.712842961244622764e+00 4.408892854513256765e+01
3.071586209418711633e+00 3.696866023343239505e+01 1.787172568819423191e+01
4.508493990532463869e+01 3.431868600111314294e+01 8.105635537246218547e+00
4.158966642936422176e+01 2.039953708012462741e+01 4.306307915087858618e+01
1.943728290765514188e+01 4.404373641871988099e+01 1.100815931646247847e+01
2.250047829254201304e+01 4.349884054639188946e+01 2.399834068521720454e+01
1.772575702925548891e+00 4.639069538651460078e+01 3.418437521804211343e+01
4.686302063583456601e+01 4.226712018501400792e+01 3.713399308049114467e+01
2.688255165738286223e+01 3.797168894098972913e+01 2.825095895564231085e+01
2.807508334495398117e+01 3.954185754616446502e+01 1.038982998579609962e+01
4.143599090220376269e+01 1.617094466069212899e+01 6.896126145087128734e+00
5.496434318332124036e+00 4.664310054703388886e+01 1.683135811884228161e+01
3.630631949593889374e+01 1.525730577736509375e+01 4.877124472861291693e+00
1.861689941634292467e+01 4.462945544629694439e+01 1.340918988218303554e+01
4.824096224125388233e+01 1.528828571886812426e+00 1.100644661558090220e+01
2.145513628622373403e+01 1.353235888590969616e+01 2.896666676893764958e+01
2.315497556438992888e+01 1.595402447299925797e+01 2.392735850226890193e+01
4.487252819278744909e+01 4.809545406240411580e+01 4.993949356749075008e+01
1.900970515774131542e+01 2.720185708675258951e+01 1.941448512279288963e+01
1.716911038165353887e+01 1.911340832830821057e+01 2.389891180889523170e+01
1.111777439391283906e+01 3.998037894194617792e+01 1.653595487894115834e+01
2.034091118720077418e+01 4.260971183330783418e+01 2.966745109710669581e+01
2.760464192008180007e+01 1.839244058731132370e+01 3.234019979343578655e+00
8.958279907570865674e+00 3.651737672470950002e+01 4.442445761571627116e+01
2.636254039115020831e+01 2.653837980391069351e+01 2.444967373408567290e+00
1.812946871157440398e+01 2.679556296874034160e+01 2.656458759487091470e+01
6.568444838719156742e+00 9.022229348981589681e-01 5.115797435671927573e+00
3.923837955413704037e+01 7.380579974016675315e+00 2.309931156398168817e+00
4.856835924465075749e+01 1.270161497355227276e+01 3.325395991561464371e+01
1.475111706259266242e+00 1.364081005229674837e+01 3.977906417916015158e+01
2.383897464895809293e+01 5.600074445236565168e+00 4.578559974517963127e+01
2.467097687482540636e+01 1.524439700067500425e+01 3.143661533261531105e+01
4.743160356375540943e+01 1.292870475978801892e+01 1.915308261445601090e+01
1.328356561169547589e+01 3.165658353693675409e+01 3.303132297979244214e+01
4.839966562589501642e+00 5.508340610687250560e+00 2.276647732626146947e+01
3.708576537816414742e+01 1.277860527175369043e+01 3.987453469684062668e+01
2.652463914640583909e+01 3.394417270449191903e+01 3.211636586756694811e+01
4.397139011014790810e+01 3.354222308161532595e+01 4.543011497038065727e+01
