2.769000000000000128e+00 2.600000000000000000e+01 4.321000000000000085e+01
2.322400000000000020e+01 2.030699999999999861e+01 2.128999999999999915e+01
2.726899999999999835e+01 3.745300000000000296e+01 4.768800000000000239e+01
4.182000000000000028e+01 4.789999999999999813e-01 2.835900000000000176e+01
4.980700000000000216e+01 4.171000000000000085e+01 4.615400000000000347e+01
1.047899999999999920e+01 1.294699999999999918e+01 1.583500000000000085e+01
8.419999999999999929e+00 7.740000000000000213e-01 5.285000000000000142e+00
9.673000000000000043e+00 3.725500000000000256e+01 4.067799999999999727e+01
1.180499999999999972e+01 2.971000000000000085e+01 1.473300000000000054e+01
7.264999999999999680e+00 1.199699999999999989e+01 1.340000000000000036e+01
1.866900000000000048e+01 3.411000000000000032e+00 2.745899999999999963e+01
2.746399999999999864e+01 3.341700000000000159e+01 1.854299999999999926e+01
4.228900000000000148e+01 3.909199999999999875e+01 7.302999999999999936e+00
8.798999999999999488e+00 7.440000000000000391e+00 3.237899999999999778e+01
2.069900000000000162e+01 3.576500000000000057e+01 1.063100000000000023e+01
4.040400000000000347e+01 2.913700000000000045e+01 4.045600000000000307e+01
3.181599999999999895e+01 2.940899999999999892e+01 2.911100000000000065e+01
4.796000000000000085e+01 4.375000000000000000e+00 4.740100000000000335e+01
7.658999999999999808e+00 4.678000000000000114e+01 3.764000000000000057e+01
1.831700000000000017e+01 1.415000000000000036e+00 1.381900000000000084e+01
4.388199999999999790e+01 1.909999999999999920e+00 2.499000000000000110e+00
8.398999999999999133e+00 3.712899999999999778e+01 4.749399999999999977e+01
2.885999999999999943e+01 2.633999999999999986e+01 4.190800000000000125e+01
2.194900000000000162e+01 3.515800000000000125e+01 1.998199999999999932e+01
1.914600000000000080e+01 1.164799999999999969e+01 3.881199999999999761e+01
4.857999999999999829e+01 4.811500000000000199e+01 2.204799999999999827e+01
3.318999999999999950e+00 2.345400000000000063e+01 4.976200000000000045e+01
2.558500000000000085e+01 2.977599999999999980e+01 1.165000000000000036e+00
5.625000000000000000e+00 4.078399999999999892e+01 3.789099999999999824e+01
1.075699999999999967e+01 9.396000000000000796e+00 4.296000000000000085e+01
5.796999999999999709e+00 1.821300000000000097e+01 1.297300000000000075e+01
3.444200000000000017e+01 8.869999999999999218e+00 4.762999999999999901e+00
4.645700000000000074e+01 1.556600000000000072e+01 1.510899999999999999e+01
5.157000000000000028e+00 3.893099999999999739e+01 4.046500000000000341e+01
2.698400000000000176e+01 2.021099999999999852e+01 4.119100000000000250e+01
3.860199999999999676e+01 4.043000000000000149e+00 2.173600000000000065e+01
3.097599999999999909e+01 1.190900000000000070e+01 4.168000000000000149e+00
1.540600000000000058e+01 4.347999999999999865e+00 2.978500000000000014e+01
2.707600000000000051e+01 1.322300000000000075e+01 3.389600000000000080e+01
1.672700000000000031e+01 4.352900000000000347e+01 4.137700000000000244e+01
2.448999999999999844e+00 2.479799999999999827e+01 1.600499999999999901e+01
1.354999999999999982e+00 2.845200000000000173e+01 1.167099999999999937e+01
4.376400000000000290e+01 1.391600000000000037e+01 3.151699999999999946e+01
7.049999999999999822e+00 1.813299999999999912e+01 1.385200000000000031e+01
4.190100000000000335e+01 3.504999999999999716e+01 2.024099999999999966e+01
1.669800000000000040e+01 2.450600000000000023e+01 2.669999999999999929e+00
3.815899999999999892e+01 2.685000000000000053e+00 7.979000000000000092e+00
2.544699999999999918e+01 3.327600000000000335e+01 2.600100000000000122e+01
1.775499999999999901e+01 4.910499999999999687e+01 4.907800000000000296e+01
3.543999999999999773e+01 4.240100000000000335e+01 1.867000000000000171e+01
